Command line:
   tb_mulop_isim_beh.exe
     -simmode  gui
     -simrunnum  0
     -socket  56130

Sun Nov 25 22:30:38 2018


 Elaboration Time: 0.078125 sec

 Current Memory Usage: 5330.97 Meg

 Total Signals          : 14
 Total Nets             : 200
 Total Signal Drivers   : 9
 Total Blocks           : 5
 Total Primitive Blocks : 4
 Total Processes        : 7
 Total Traceable Variables  : 11
 Total Scalar Nets and Variables : 579
Total Line Count : 46

 Total Simulation Time: 0.15625 sec

 Current Memory Usage: 4701.83 Meg

Mon Nov 26 01:04:08 2018

