Running: C:\Xilinx\14.7\ISE_DS\ISE\bin\nt64\unwrapped\fuse.exe -intstyle ise -incremental -o D:/Masters_Study/1st Sem/VHDL lab/Workspace/submit/direct/tb_idea_isim_beh.exe -prj D:/Masters_Study/1st Sem/VHDL lab/Workspace/submit/direct/tb_idea_beh.prj work.tb_idea 
ISim P.20131013 (signature 0x7708f090)
Number of CPUs detected in this system: 4
Turning on mult-threading, number of parallel sub-compilation jobs: 8 
Determining compilation order of HDL files
Parsing VHDL file "D:/Masters_Study/1st Sem/VHDL lab/Workspace/submit/direct/xorop.vhd" into library work
Parsing VHDL file "D:/Masters_Study/1st Sem/VHDL lab/Workspace/submit/direct/mulop.vhd" into library work
Parsing VHDL file "D:/Masters_Study/1st Sem/VHDL lab/Workspace/submit/direct/addop.vhd" into library work
Parsing VHDL file "D:/Masters_Study/1st Sem/VHDL lab/Workspace/submit/direct/trafo.vhd" into library work
Parsing VHDL file "D:/Masters_Study/1st Sem/VHDL lab/Workspace/submit/direct/round.vhd" into library work
Parsing VHDL file "D:/Masters_Study/1st Sem/VHDL lab/Workspace/submit/direct/idea.vhd" into library work
Parsing VHDL file "D:/Masters_Study/1st Sem/VHDL lab/Workspace/submit/direct/tb_idea.vhd" into library work
Starting static elaboration
Completed static elaboration
Compiling package standard
Compiling package std_logic_1164
Compiling package std_logic_arith
Compiling package std_logic_unsigned
Compiling architecture behavioral of entity mulop [mulop_default]
Compiling architecture behavioral of entity addop [addop_default]
Compiling architecture behavioral of entity xorop [xorop_default]
Compiling architecture behavioral of entity round [round_default]
Compiling architecture behavioral of entity trafo [trafo_default]
Compiling architecture structural of entity idea [idea_default]
Compiling architecture behavior of entity tb_idea
Time Resolution for simulation is 1ps.
Waiting for 3 sub-compilation(s) to finish...
Compiled 17 VHDL Units
Built simulation executable D:/Masters_Study/1st Sem/VHDL lab/Workspace/submit/direct/tb_idea_isim_beh.exe
Fuse Memory Usage: 34024 KB
Fuse CPU Usage: 671 ms
